[    0.000000] Linux version 4.15.0-48-generic (buildd@lgw01-amd64-036) (gcc version 7.3.0 (Ubuntu 7.3.0-16ubuntu3)) #51-Ubuntu SMP Wed Apr 3 08:28:49 UTC 2019 (Ubuntu 4.15.0-48.51-generic 4.15.18)
[    0.000000] Command line: BOOT_IMAGE=/boot/vmlinuz-4.15.0-48-generic root=LABEL=cloudimg-rootfs ro console=tty1 console=ttyS0
[    0.000000] KERNEL supported cpus:
[    0.000000]   Intel GenuineIntel
[    0.000000]   AMD AuthenticAMD
[    0.000000]   Centaur CentaurHauls
[    0.000000] x86/fpu: Supporting XSAVE feature 0x001: 'x87 floating point registers'
[    0.000000] x86/fpu: Supporting XSAVE feature 0x002: 'SSE registers'
[    0.000000] x86/fpu: Supporting XSAVE feature 0x004: 'AVX registers'
[    0.000000] x86/fpu: xstate_offset[2]:  576, xstate_sizes[2]:  256
[    0.000000] x86/fpu: Enabled xstate features 0x7, context size is 832 bytes, using 'standard' format.
[    0.000000] e820: BIOS-provided physical RAM map:
[    0.000000] BIOS-e820: [mem 0x0000000000000000-0x000000000009fbff] usable
[    0.000000] BIOS-e820: [mem 0x000000000009fc00-0x000000000009ffff] reserved
[    0.000000] BIOS-e820: [mem 0x00000000000f0000-0x00000000000fffff] reserved
[    0.000000] BIOS-e820: [mem 0x0000000000100000-0x000000003ffeffff] usable
[    0.000000] BIOS-e820: [mem 0x000000003fff0000-0x000000003fffffff] ACPI data
[    0.000000] BIOS-e820: [mem 0x00000000fffc0000-0x00000000ffffffff] reserved
[    0.000000] NX (Execute Disable) protection: active
[    0.000000] SMBIOS 2.5 present.
[    0.000000] DMI: innotek GmbH VirtualBox/VirtualBox, BIOS VirtualBox 12/01/2006
[    0.000000] Hypervisor detected: KVM
[    0.000000] e820: last_pfn = 0x3fff0 max_arch_pfn = 0x400000000
[    0.000000] MTRR: Disabled
[    0.000000] x86/PAT: MTRRs disabled, skipping PAT initialization too.
[    0.000000] CPU MTRRs all blank - virtualized system.
[    0.000000] x86/PAT: Configuration [0-7]: WB  WT  UC- UC  WB  WT  UC- UC  
[    0.000000] found SMP MP-table at [mem 0x0009fff0-0x0009ffff] mapped at [        (ptrval)]
[    0.000000] Scanning 1 areas for low memory corruption
[    000000] RAMDISK: [mem 0x35adb000-0x36d64fff]
[    0.000000] ACPI: Early table checksum verification disabled
[    0.000000] ACPI: RSDP 0x00000000000E0000 000024 (v02 VBOX  )
[    0.000000] ACPI: XSDT 0x000000003FFF0030 00003C (v01 VBOX   VBOXXSDT 00000001 ASL  00000061)
[    0.000000] ACPI: FACP 0x000000003FFF00F0 0000F4 (v04 VBOX   VBOXFACP 00000001 ASL  00000061)
[    0.000000] ACPI: DSDT 0x000000003FFF0470 002118 (v01 VBOX   VBOXBIOS 00000002 INTL 20160108)
[    0.000000] ACPI: FACS 0x000000003FFF0200 000040
[    0.000000] ACPI: FACS 0x000000003FFF0200 000040
[    0.000000] ACPI: APIC 0x000000003FFF0240 00005C (v02 VBOX   VBOXAPIC 00000001 ASL  00000061)
[    0.000000] ACPI: SSDT 0x000000003FFF02A0 0001CC (v01 VBOX   VBOXCPUT 00000002 INTL 20160108)
[    0.000000] No NUMA configuration found
[    0.000000] Faking a node at [mem 0x0000000000000000-0x000000003ffeffff]
[    0.000000] NODE_DATA(0) allocated [mem 0x3ffc5000-0x3ffeffff]
[    0.000000] kvm-clock: cpu 0, msr 0:3ff44001, primary cpu clock
[    0.000000] kvm-clock: Using msrs 4b564d01 and 4b564d00
[    0.000000] kvm-clock: using sched offset of 3251716385 cycles
[    0.000000] clocksource: kvm-clock: mask: 0xffffffffffffffff max_cycles: 0x1cd42e4dffb, max_idle_ns: 881590591483 ns
[    0.000000] Zone ranges:
[    0.000000]   DMA      [mem 0x0000000000001000-0x0000000000ffffff]
[    0.000000]   DMA32    [mem 0x0000000001000000-0x000000003ffeffff]
[    0.000000]   Normal   empty
[    0.000000]   Device   empty
[    0.000000] Movable zone start for each node
[    0.000000] Early memory node ranges
[    0.000000]   node   0: [mem 0x0000000000001000-0x000000000009efff]
[    0.000000]   node   0: [mem 0x0000000000100000-0x000000003ffeffff]
[    0.000000] Reserved but unavailable: 114 pages
[    0.000000] Initmem setup node 0 [mem 0x0000000000001000-0x000000003ffeffff]
[    0.000000] ACPI: PM-Timer IO Port: 0x4008
[    0.000000] IOAPIC[0]: apic_id 2, version 17, address 0xfec00000, GSI 0-23
[    0.000000] ACPI: INT_SRC_OVR (bus 0 bus_irq 0 global_irq 2 dfl dfl)
[    0.000000] ACPI: INT_SRC_OVR (bus 0 bus_irq 9 global_irq 9 high level)
[    0.000000] Using ACPI (MADT) for SMP configuration information
[    0.000000] smpboot: Allowing 2 CPUs, 0 hotplug CPUs
[    0.000000] PM: Registered nosave memory: [mem 0x00000000-0x00000fff]
[    0.000000] PM: Registered nosave memory: [mem 0x0009f000-0x0009ffff]
[    0.000000] PM: Registered nosave memory: [mem 0x000a0000-0x000effff]
[    0.000000] PM: Registered nosave memory: [mem 0x000f0000-0x000fffff]
[    0.000000] e820: [mem 0x40000000-0xfffbffff] available for PCI devices
[    0.000000] Booting paravirtualized kernel on KVM
[    0.000000] clocksource: refined-jiffies: mask: 0xffffffff max_cycles: 0xffffffff, max_idle_ns: 7645519600211568 ns
[    0.000000] random: get_random_bytes called from start_kernel+0x99/0x4fd with crng_init=0
[    0.000000] setup_percpu: NR_CPUS:8192 nr_cpumask_bits:2 nr_cpu_ids:2 nr_node_ids:1
[    0.000000] percpu: Embedded 46 pages/cpu @        (ptrval) s151552 r8192 d28672 u1048576
[    0.000000] PV qspinlock hash table entries: 256 (order: 0, 4096 bytes)
[    0.000000] Built 1 zonelists, mobility grouping on.  Total pages: 257913
[    0.000000] Policy zone: DMA32
[    0.000000] Kernel command line: BOOT_IMAGE=/boot/vmlinuz-4.15.0-48-generic root=LABEL=cloudimg-rootfs ro console=tty1 console=ttyS0
[    0.000000] Memory: 983604K/1048120K available (12300K kernel code, 2473K rwdata, 4276K rodata, 2408K init, 2416K bss, 64516K reserved, 0K cma-reserved)
[    0.000000] SLUB: HWalign=64, Order=0-3, MinObjects=0, CPUs=2, Nodes=1
[    0.000000] Kernel/User page tables isolation: enabled
[    0.000000] ftrace: allocating 39226 entries in 154 pages
[    0.004000] Hierarchical RCU implementation.
[    0.004000] 	RCU restricting CPUs from NR_CPUS=8192 to nr_cpu_ids=2.
[    0.004000] 	Tasks RCU enabled.
[    0.004000] RCU: Adjusting geometry for rcu_fanout_leaf=16, nr_cpu_ids=2
[    0.004000] NR_IRQS: 524544, nr_irqs: 440, preallocated irqs: 16
[    0.004000] Console: colour VGA+ 80x25
[    0.004000] console [tty1] enabled
[    0.004000] console [ttyS0] enabled
[    0.004000] ACPI: Core revision 20170831
[    0.004000] ACPI: 2 ACPI AML tables successfully acquired and loaded
[    0.004000] APIC: Switch to symmetric I/O mode setup
[    0.004000] ..TIMER: vector=0x30 apic1=0 pin1=2 apic2=-1 pin2=-1
[    0.004007] tsc: Detected 2494.330 MHz processor
[    0.008014] Calibrating delay loop (skipped) preset value.. 4988.66 BogoMIPS (lpj=9977320)
[    0.009605] pid_max: default: 32768 minimum: 301
[    0.010536] Security Framework initialized
[    0.011325] Yama: becoming mindful.
[    0.012028] AppArmor: AppArmor initialized
[    0.013454] Dentry cache hash table entries: 131072 (order: 8, 1048576 bytes)
[    0.016086] Inode-cache hash table entries: 65536 (order: 7, 524288 bytes)
[    0.020031] Mount-cache hash table entries: 2048 (order: 2, 16384 bytes)
[    0.024024] Mountpoint-cache hash table entries: 2048 (order: 2, 16384 bytes)
[    0.032005] mce: CPU supports 0 MCE banks
[    0.036034] Last level iTLB entries: 4KB 512, 2MB 8, 4MB 8
[    0.040012] Last level dTLB entries: 4KB 512, 2MB 32, 4MB 32, 1GB 0
[    0.040938] Spectre V2 : Mitigation: Full generic retpoline
[    0.041723] Spectre V2 : Spectre v2 / SpectreRSB mitigation: Filling RSB on context switch
[    0.042893] Speculative Store Bypass: Vulnerable
[    0.044129] Freeing SMP alternatives memory: 36K
[    0.056000] smpboot: CPU0: Intel(R) Core(TM) i5-3210M CPU @ 2.50GHz (family: 0x6, model: 0x3a, stepping: 0x9)
[    0.056142] Performance Events: unsupported p6 CPU model 58 no PMU driver, software events only.
[    0.060090] Hierarchical SRCU implementation.
[    0.061583] NMI watchdog: Perf event create on CPU 0 failed with -2
[    0.064004] NMI watchdog: Perf NMI watchdog permanently disabled
[    0.068078] smp: Bringing up secondary CPUs ...
[    0.072125] x86: Booting SMP configuration:
[    0.073024] .... node  #0, CPUs:      #1
[    0.004000] kvm-clock: cpu 1, msr 0:3ff44041, secondary cpu clock
[    0.004000] mce: CPU supports 0 MCE banks
[    0.100032] smp: Brought up 1 node, 2 CPUs
[    0.104019] smpboot: Max logical packages: 1
[    0.108014] smpboot: Total of 2 processors activated (9977.32 BogoMIPS)
[    0.112231] devtmpfs: initialized
[    0.116064] x86/mm: Memory block size: 128MB
[    0.117170] evm: security.selinux
[    0.120004] evm: security.SMACK64
[    0.120708] evm: security.SMACK64EXEC
[    0.121517] evm: security.SMACK64TRANSMUTE
[    0.122383] evm: security.SMACK64MMAP
[    0.124003] evm: security.apparmor
[    0.124692] evm: security.ima
[    0.125307] evm: security.capability
[    0.126129] clocksource: jiffies: mask: 0xffffffff max_cycles: 0xffffffff, max_idle_ns: 7645041785100000 ns
[    0.128027] futex hash table entries: 512 (order: 3, 32768 bytes)
[    0.129295] pinctrl core: initialized pinctrl subsystem
[    0.132156] RTC time: 14:43:56, date: 05/13/19
[    0.136252] NET: Registered protocol family 16
[    0.137253] audit: initializing netlink subsys (disabled)
[    0.140055] audit: type=2000 audit(1557758639.855:1): state=initialized audit_enabled=0 res=1
[    0.284017] cpuidle: using governor ladder
[    0.288033] cpuidle: using governor menu
[    0.292080] ACPI: bus type PCI registered
[    0.292691] acpiphp: ACPI Hot Plug PCI Controller Driver version: 0.5
[    0.293735] PCI: Using configuration type 1 for base access
[    0.296440] HugeTLB registered 2.00 MiB page size, pre-allocated 0 pages
[    0.300216] ACPI: Added _OSI(Module Device)
[    0.304022] ACPI: Added _OSI(Processor Device)
[    0.304920] ACPI: Added _OSI(3.0 _SCP Extensions)
[    0.305854] ACPI: Added _OSI(Processor Aggregator Device)
[    0.308023] ACPI: Added _OSI(Linux-Dell-Video)
[    0.308865] ACPI: Added _OSI(Linux-Lenovo-NV-HDMI-Audio)
[    0.309843] ACPI: Added _OSI(Linux-HPI-Hybrid-Graphics)
[    0.312316] ACPI: Executed 1 blocks of module-level executable AML code
[    0.321074] ACPI: Interpreter enabled
[    0.324029] ACPI: (supports S0 S5)
[    0.324714] ACPI: Using IOAPIC for interrupt routing
[    0.325992] PCI: Using host bridge windows from ACPI; if necessary, use "pci=nocrs" and report a bug
[    0.328168] ACPI: Enabled 2 GPEs in block 00 to 07
[    0.337768] ACPI: PCI Root Bridge [PCI0] (domain 0000 [bus 00-ff])
[    0.340010] acpi PNP0A03:00: _OSC: OS supports [ASPM ClockPM Segments MSI]
[    0.341255] acpi PNP0A03:00: _OSC failed (AE_NOT_FOUND); disabling ASPM
[    0.342502] acpi PNP0A03:00: fail to add MMCONFIG information, can't access extended PCI configuration space under this bridge.
[    0.344303] PCI host bridge to bus 0000:00
[    0.348006] pci_bus 0000:00: root bus resource [io  0x0000-0x0cf7 window]
[    0.349300] pci_bus 0000:00: root bus resource [io  0x0d00-0xffff window]
[    0.352004] pci_bus 0000:00: root bus resource [mem 0x000a0000-0x000bffff window]
[    0.353466] pci_bus 0000:00: root bus resource [mem 0x40000000-0xffdfffff window]
[    0.354861] pci_bus 0000:00: root bus resource [bus 00-ff]
[    0.357470] pci 0000:00:01.1: legacy IDE quirk: reg 0x10: [io  0x01f0-0x01f7]
[    0.360004] pci 0000:00:01.1: legacy IDE quirk: reg 0x14: [io  0x03f6]
[    0.361294] pci 0000:00:01.1: legacy IDE quirk: reg 0x18: [io  0x0170-0x0177]
[    0.364004] pci 0000:00:01.1: legacy IDE quirk: reg 0x1c: [io  0x0376]
[    0.392405] ACPI: PCI Interrupt Link [LNKA] (IRQs 5 9 10 11) *0, disabled.
[    0.396394] ACPI: PCI Interrupt Link [LNKB] (IRQs 5 9 10 *11)
[    0.400159] ACPI: PCI Interrupt Link [LNKC] (IRQs 5 9 *10 11)
[    0.404203] ACPI: PCI Interrupt Link [LNKD] (IRQs 5 *9 10 11)
[    0.408587] SCSI subsystem initialized
[    0.412193] pci 0000:00:02.0: vgaarb: setting as boot VGA device
[    0.415565] pci 0000:00:02.0: vgaarb: VGA device added: decodes=io+mem,owns=io+mem,locks=none
[    0.416006] pci 0000:00:02.0: vgaarb: bridge control possible
[    0.420003] vgaarb: loaded
[    0.420624] ACPI: bus type USB registered
[    0.421444] usbcore: registered new interface driver usbfs
[    0.424018] usbcore: registered new interface driver hub
[    0.425091] usbcore: registered new device driver usb
[    0.428032] EDAC MC: Ver: 3.0.0
[    0.432199] PCI: Using ACPI for IRQ routing
[    0.436268] NetLabel: Initializing
[    0.440003] NetLabel:  domain hash size = 128
[    0.440871] NetLabel:  protocols = UNLABELED CIPSOv4 CALIPSO
[    0.441952] NetLabel:  unlabeled traffic allowed by default
[    0.444141] clocksource: Switched to clocksource kvm-clock
[    0.457912] VFS: Disk quotas dquot_6.6.0
[    0.464053] VFS: Dquot-cache hash table entries: 512 (order 0, 4096 bytes)
[    0.465483] AppArmor: AppArmor Filesystem Enabled
[    0.466438] pnp: PnP ACPI init
[   .4816]pn P ACPI: found 3 devices
[  0313]losoceaacpi_pm: mask: 0xffffff max_cycles: 0xffffff, max_idle_ns: 2085701024 ns
[    1.147474] NET: Registered protocol family 2
[    1.150225] TCP established hash table entries: 8192 (order: 4, 65536 bytes)
[    1.235886] TCP bind hash table entries: 8192 (order: 5, 131072 bytes)
[   2359TC: astaesongud (established 8192 bind 8192)
[  17438UDha tleenris:51 (rd:  138 bte)
[   .4651]DPLie as table entries: 512 (order: 2, 16384 bytes)
[    2.656469] NET: Registered protocol family 1
   2.657370] pci 0000:00:00.0: Limiting direct PCI/PCI transfers
[    2.796923] pci 0000:00:01.0: Activating ISA DMA hang workarond
[  2699]ci00002. Veoeve thhaweROatmem 0x000c0000-0x000dffff]
[    3.775861] Unpacking initramfs...
[    4.062000] Freeing initrd memory: 18984K
[    4.068342] platform rtc_cmos: registered platform RTC device (no PNP device found)
[    4.076629] Scanning for low memory corruption every 60 seconds
[    4.106514] Initialise system trusted keyrings
[    4.160391] Key type blacklist registered
[    4.172943] workingset: timestamp_bits=36 max_order=18 bucket_order=0
[    4.182228] zbud: loaded
[    4.185187] squashfs: version 4.0 (2009/01/31) Phillip Lougher
[    4.189566] fuse init (API version 7.26)
[    4.196599] Key type asymmetric registered
[    4.200890] Asymmetric key parser 'x509' registered
[    4.201928] Block layer SCSI generic (bsg) driver version 0.4 loaded (major 246)
[    4.208809] io scheduler noop registered
[    4.212854] io scheduler deadline registered
[    4.213745] io scheduler cfq registered (default)
[    4.215056] ACPI: AC Adapter [AC] (on-line)
[    4.217102] input: Power Button as /devices/LNXSYSTM:00/LNXPWRBN:00/input/input0
[    4.221605] ACPI: Power Button [PWRF]
[    4.224854] input: Sleep Button as /devices/LNXSYSTM:00/LNXSLPBN:00/input/input1
[    4.229514] ACPI: Sleep Button [SLPF]
[    4.230773] Serial: 8250/16550 driver, 32 ports, IRQ sharing enabled
[    4.254899] 00:02: ttyS0 at I/O 0x3f8 (irq = 4, base_baud = 115200) is a 16550A
[    4.269446] Linux agpgart interface v0.103
[    4.345186] loop: module loaded
[    4.357574] scsi host0: ata_piix
[    4.379079] scsi host1: ata_piix
[    4.380928] ata1: PATA max UDMA/33 cmd 0x1f0 ctl 0x3f6 bmdma 0xd000 irq 14
[    4.382241] ata2: PATA max UDMA/33 cmd 0x170 ctl 0x376 bmdma 0xd008 irq 15
[    4.383636] libphy: Fixed MDIO Bus: probed
[    4.436396] tun: Universal TUN/TAP device driver, 1.6
[    4.527885] PPP generic driver version 2.4.2
[    4.528671] ehci_hcd: USB 2.0 'Enhanced' Host Controller (EHCI) Driver
[    4.559608] ehci-pci: EHCI PCI platform driver
[    4.560592] ehci-platform: EHCI generic platform driver
[    4.600378] ohci_hcd: USB 1.1 'Open' Host Controller (OHCI) Driver
[    4.656522] ohci-pci: OHCI PCI platform driver
[    4.678016] ohci-platform: OHCI generic platform driver
[    4.679232] uhci_hcd: USB Universal Host Controller Interface driver
[    4.680803] i8042: PNP: PS/2 Controller [PNP0303:PS2K,PNP0f03:PS2M] at 0x60,0x64 irq 1,12
[    4.683286] serio: i8042 KBD port at 0x60,0x64 irq 1
[    4.685514] serio: i8042 AUX port at 0x60,0x64 irq 12
[    4.689437] mousedev: PS/2 mouse device common for all mice
[    4.694580] input: AT Translated Set 2 keyboard as /devices/platform/i8042/serio0/input/input2
[    4.700091] rtc_cmos rtc_cmos: rtc core: registered rtc_cmos as rtc0
[    4.700187] rtc_cmos rtc_cmos: alarms up to one day, 114 bytes nvram
[    4.700208] i2c /dev entries driver
[    4.700224] pcie_mp2_amd: AMD(R) PCI-E MP2 Communication Driver Version: 1.0
[    4.700352] device-mapper: uevent: version 1.0.3
[    4.700459] device-mapper: ioctl: 4.37.0-ioctl (2017-09-20) initialised: dm-devel@redhat.com
[    4.916134] ledtrig-cpu: registered to indicate activity on CPUs
[    4.917531] NET: Registered protocol family 10
[    4.923108] Segment Routing with IPv6
[    4.965649] NET: Registered protocol family 17
[    4.966492] Key type dns_resolver registered
[    4.967399] RAS: Correctable Errors collector initialized.
[    4.968201] sched_clock: Marking stable (4967290097, 0)->(6990493922, -2023203825)
[    4.970122] registered taskstats version 1
[    4.973591] Loading compiled-in X.509 certificates
[    4.977536] Loaded X.509 cert 'Build time autogenerated kernel key: e7056c016f846647db0f624c10ce588fee742707'
[    5.145927] zswap: loaded using pool lzo/zbud
[    5.148071] tsc: Refined TSC clocksource calibration: 2493.563 MHz
[    5.174239] clocksource: tsc: mask: 0xffffffffffffffff max_cycles: 0x23f178f627e, max_idle_ns: 440795215389 ns
[    5.178065] Key type big_key registered
[    5.178071] Key type trusted registered
[    5.180111] Key type encrypted registered
[    5.180115] AppArmor: AppArmor sha1 policy hashing enabled
[    5.180130] ima: No TPM chip found, activating TPM-bypass! (rc=-19)
[    5.180136] ima: Allocated hash algorithm: sha1
[    5.180155] evm: HMAC attrs: 0x1
[    5.180467]   Magic number: 3:140:738
[    5.206228] rtc_cmos rtc_cmos: setting system clock to 2019-05-13 14:44:02 UTC (1557758642)
[    5.206412] BIOS EDD facility v0.16 2004-Jun-25, 0 devices found
[    5.206413] EDD information not available.
[    5.224789] Freeing unused kernel image memory: 2408K
[    5.400354] Write protecting the kernel read-only data: 20480k
[    5.446788] Freeing unused kernel image memory: 2008K
[    5.466460] Freeing unused kernel image memory: 1868K
[    5.493548] x86/mm: Checked W+X mappings: passed, no W+X pages found.
[    5.615828] x86/mm: Checking user space page tables
[    5.723396] x86/mm: Checked W+X mappings: passed, no W+X pages found.
Loading, please wait...
starting version 237
[    5.852742] e1000: Intel(R) PRO/1000 Network Driver - version 7.3.21-k8-NAPI
[    5.875587] e1000: Copyright (c) 1999-2006 Intel Corporation.
[    5.887515] Fusion MPT base driver 3.04.20
[    6.085354] Copyright (c) 1999-2008 LSI Corporation
[    6.118013] AVX version of gcm_enc/dec engaged.
[    6.130035] AES CTR mode by8 optimization enabled
[    6.150598] Fusion MPT SPI Host driver 3.04.20
[    6.313740] input: ImExPS/2 Generic Explorer Mouse as /devices/platform/i8042/serio1/input/input4
[    6.494465] e1000 0000:00:03.0 eth0: (PCI:33MHz:32-bit) 02:04:86:c9:98:46
[    6.576173] e1000 0000:00:03.0 eth0: Intel(R) PRO/1000 Network Connection
[    6.578646] mptbase: ioc0: Initiating bringup
[    6.578912] e1000 0000:00:03.0 enp0s3: renamed from eth0
[    6.676600] ioc0: LSI53C1030 A0: Capabilities={Initiator}
[    6.927032] scsi host2: ioc0: LSI53C1030 A0, FwRev=00000000h, Ports=1, MaxQ=256, IRQ=20
[    7.145059] scsi 2:0:0:0: Direct-Access     VBOX     HARDDISK         1.0  PQ: 0 ANSI: 5
[    7.655229] scsi target2:0:0: Beginning Domain Validation
[    8.458907] scsi target2:0:0: Domain Validation skipping write tests
[    8.460988] scsi target2:0:0: Ending Domain Validation
[    8.461775] scsi target2:0:0: asynchronous
[    8.462747] scsi 2:0:1:0: Direct-Access     VBOX     HARDDISK         1.0  PQ: 0 ANSI: 5
[    9.065237] scsi target2:0:1: Beginning Domain Validation
[    9.247528] random: fast init done
[    9.736245] scsi target2:0:1: Domain Validation skipping write tests
[   10.049741] scsi target2:0:1: Ending Domain Validation
[   10.251148] scsi target2:0:1: asynchronous
[   10.335164] random: systemd-udevd: uninitialized urandom read (16 bytes read)
[   11.072589] sd 2:0:0:0: Attached scsi generic sg0 type 0
[   11.072879] sd 2:0:1:0: Attached scsi generic sg1 type 0
[   11.074592] random: systemd-udevd: uninitialized urandom read (16 bytes read)
[   11.076794] random: systemd-udevd: uninitialized urandom read (16 bytes read)
[   11.078011] sd 2:0:0:0: [sda] 20971520 512-byte logical blocks: (10.7 GB/10.0 GiB)
[   11.079433] sd 2:0:1:0: [sdb] 20480 512-byte logical blocks: (10.5 MB/10.0 MiB)
[   11.080627] sd 2:0:0:0: [sda] Write Protect is off
[   11.081501] sd 2:0:1:0: [sdb] Write Protect is off
[   11.155629] sd 2:0:0:0: [sda] Incomplete mode parameter data
[   11.156865] sd 2:0:1:0: [sdb] Incomplete mode parameter data
[   11.156866] sd 2:0:1:0: [sdb] Assuming drive cache: write through
[   11.236404] sd 2:0:0:0: [sda] Assuming drive cache: write through
[   11.239650]  sda: sda1
[   11.240745] sd 2:0:1:0: [sdb] Attached SCSI disk
[   11.257752] sd 2:0:0:0: [sda] Attached SCSI disk
Begin: Loading essential drivers ... [   12.872744] raid6: sse2x1   gen()  5536 MB/s
[   12.940044] raid6: sse2x1   xor()  4966 MB/s
[   13.000075] raid6: sse2x2   gen()  9443 MB/s
[   13.060053] raid6: sse2x2   xor()  6360 MB/s
[   13.148083] raid6: sse2x4   gen() 11729 MB/s
[   13.200082] raid6: sse2x4   xor()  7388 MB/s
[   13.251702] raid6: using algorithm sse2x4 gen() 11729 MB/s
[   13.256069] raid6: .... xor() 7388 MB/s, rmw enabled
[   13.259556] raid6: using ssse3x2 recovery algorithm
[   13.262544] xor: automatically using best checksumming function   avx       
[   13.413508] async_tx: api initialized (async)
done.
Begin: Running /scripts/init-premount ... done.
Begin: Mounti[   13.539800] Btrfs loaded, crc32c=crc32c-intel
ng root file system ... Begin: Running /scripts/local-top ... done.
Begin: Running /scripts/local-premount ... Scanning for Btrfs filesystems
done.
Warning: fsck no[   13.715130] EXT4-fs (sda1): mounted filesystem with ordered data mode. Opts: (null)
t present, so skipping root file system
done.
Begin: Running /scripts/local-bottom ... done.
Begin: Running /scripts/init-bottom ... done.
[   14.170530] ip_tables: (C) 2000-2006 Netfilter Core Team
[   14.230405] systemd[1]: systemd 237 running in system mode. (+PAM +AUDIT +SELINUX +IMA +APPARMOR +SMACK +SYSVINIT +UTMP +LIBCRYPTSETUP +GCRYPT +GNUTLS +ACL +XZ +LZ4 +SECCOMP +BLKID +ELFUTILS +KMOD -IDN2 +IDN -PCRE2 default-hierarchy=hybrid)
[   14.817531] systemd[1]: Detected virtualization oracle.
[   14.821059] systemd[1]: Detected architecture x86-64.

Welcome to [1mUbuntu 18.04.2 LTS[0m!

[   14.856067] systemd[1]: Set hostname to <ubuntu>.
[   15.326345] systemd[1]: Initializing machine ID from random generator.
[   15.736177] systemd[1]: Installed transient /etc/machine-id file.
[   16.466930] systemd[1]: Reached target Swap.
[[0;32m  OK  [0m] Reached target Swap.
[   16.727976] systemd[1]: Started Forward Password Requests to Wall Directory Watch.
[[0;32m  OK  [0m] Started Forward Password Requests to Wall Directory Watch.
[   17.179713] systemd[1]: Created slice User and Session Slice.
[[0;32m  OK  [0m] Created slice User and Session Slice.
[   17.215611] systemd[1]: Set up automount Arbitrary Executable File Formats File System Automount Point.
[[0;32m  OK  [0m] Set up automount Arbitrary Executab…rmats File System Automount Point.
[[0;32m  OK  [0m] Reached target System Time Synchronized.
[[0;32m  OK  [0m] Reached target User and Group Name Lookups.
[[0;32m  OK  [0m] Created slice System Slice.
[[0;32m  OK  [0m] Listening on Network Service Netlink Socket.
[[0;32m  OK  [0m] Listening on Journal Socket.
         Starting Set the console keyboard layout...
[[0;32m  OK  [0m] Reached target Slices.
         Starting Remount Root and Kernel File Systems...
[[0;32m  OK  [0m] Listening on Device-mapper event daemon FIFOs.
[[0;32m  OK  [0m] Listening on Syslog Socket.
[[0;32m  OK  [0[   17.492949] EXT4-fs (sda1): re-mounted. Opts: (null)
m] Listening on udev Control Socket.
[[0;32m  OK  [0m] Listening on udev Kernel Socket.
         Starting udev Coldplug all Devices...
         Starting Create list of required st…ce nodes for the current kernel...
         Mounting Huge Pages File System...
[[0;32m  OK  [0m] Listening on /dev/initctl Compatibility Named Pipe.
         Starting Load Kernel Mo[   17.770050] Loading iSCSI transport class v2.0-870.
dules...
[[0;32m  OK  [0m] Listening on Journal Socket [   17.825205] iscsi: registered transport (tcp)
(/dev/log).
[   17.938892] iscsi: registered transport (iser)
[[0;32m  OK  [0m] Listening on LVM2 metadata daemon socket.
         Starting Monitoring of LVM2 mirrors…ng dmeventd or progress polling...
         Mounting POSIX Message Queue File System...
[[0;32m  OK  [0m] Listening on LVM2 poll daemon socket.
[[0;32m  OK  [0m] Created slice system-serial\x2dgetty.slice.
         Mounting Kernel Debug File System...
         Startin[   18.439530] random: crng init done
g Uncomplicated firewall...
[   18.567061] random: 7 urandom warning(s) missed due to ratelimiting
[[0;32m  OK  [0m] Listening on Journal Audit Socket.
         Starting Journal Service...
[[0;32m  OK  [0m] Started Journal Service.
[[0;32m  OK  [0m] Started Remount Root and Kernel File Systems.
[[0;32m  OK  [0m] Started Create list of required sta…vice nodes for the current kernel.
[[0;32m  OK  [0m] Mounted Huge Pages File System.
[[0;32m  OK  [0m] Started Load Kernel Modules.
[[0;32m  OK  [0m] Mounted POSIX Message Queue File System.
[[0;32m  OK  [0m] Mounted Kernel Debug File System.
[[0;32m  OK  [0m] Started Uncomplicated firewall.
[[0;32m  OK  [0m] Started udev Coldplug all Devices.
[[0;32m  OK  [0m] Started LVM2 metadata daemon.
         Starting Apply Kernel Variables...
         Mounting FUSE Control File System...
         Mounting Kernel Configuration File System...
         Starting Create Static Device Nodes in /dev...
         Starting Load/Save Random Seed...
         Starting Flush Journal to Persistent Storage...
[[0;32m  OK  [0m] Started Set the console keyboard layout.
[[0;32m  OK  [0m] Started Monitoring of LVM2 mirrors,…sing dmeventd or progress polling.
[[0;32m  OK  [0m] Started Apply Kernel Variables.
[[0;32m  OK  [0m] Mounted FUSE Control File System.
[[0;32m  OK  [0m] Mounted Kernel Configuration File System.
[[0;32m  OK  [0m] Started Create Static Device Nodes in /dev.
[[0;32m  OK  [0m] Started Load/Save Random Seed.
         Starting udev Kernel Device Manager...
[[0;32m  OK  [0m] Reached target Local File Systems (Pre).
[[0;32m  OK  [0m] Reached target Local File Systems.
         Starting Tell Plymouth To Write Out Runtime Data...
         Starting Commit a transient machine-id on disk...
         Starting ebtables ruleset management...
         Starting Set console font and keymap...
         Starting AppArmor initialization...
[[0;32m  OK  [0m] Started udev Kernel Device Manager.
[[0;32m  OK  [0m] Started Flush Journal to Persistent Storage.
[[0;32m  OK  [0m] Started Tell Plymouth To Write Out Runtime Data.
[[0;32m  OK  [0m] Started Commit a transient machine-id on disk.
[[0;32m  OK  [0m] Started Set console font and keymap.
[[0;32m  OK  [0m] Started ebtables ruleset management.
[[0;32m  OK  [0m] Found device /dev/ttyS0.
[[0;32m  OK  [0m] Listening on Load/Save RF Kill Switch Status /dev/rfkill Watch.
         Starting Create Volatile Files and Directories...
[[0;32m  OK  [0m] Started Dispatch Password Requests to Console Directory Watch.
[[0;32m  OK  [0m] Reached target Local Encrypted Volumes.
[[0;32m  OK  [0m] Started Create Volatile Files and Directories.
         Starting Update UTMP about System Boot/Shutdown...
[[0;32m  OK  [0m] Started Update UTMP about System Boot/Shutdown.
[[0;32m  OK  [0m] Started AppArmor initialization.
         Starting Initial cloud-init job (pre-networking)...
[   23.485802] cloud-init[641]: Cloud-init v. 18.5-45-g3554ffe8-0ubuntu1~18.04.1 running 'init-local' at Mon, 13 May 2019 14:44:20 +0000. Up 22.88 seconds.
[[0;32m  OK  [0m] Started Initial cloud-init job (pre-networking).
[[0;32m  OK  [0m] Reached target Network (Pre).
         Starting Network Service...
[[0;32m  OK  [0m] Started Network Service.
         Starting Wait for Network to be Configured...
         Starting Network Name Resolution...
[[0;32m  OK  [0m] Started Network Name Resolution.
[[0;32m  OK  [0m] Reached target Host and Network Name Lookups.
[[0;32m  OK  [0m] Reached target Network.
[[0;32m  OK  [0m] Started Wait for Network to be Configured.
         Starting Initial cloud-init job (metadata service crawler)...
[   26.129114] cloud-init[763]: Cloud-init v. 18.5-45-g3554ffe8-0ubuntu1~18.04.1 running 'init' at Mon, 13 May 2019 14:44:23 +0000. Up 25.87 seconds.
[   26.176514] cloud-init[763]: ci-info: +++++++++++++++++++++++++++++++++++++Net device info++++++++++++++++++++++++++++++++++++++
[   26.221793] cloud-init[763]: ci-info: +--------+------+---------------------------+---------------+--------+-------------------+
[   26.227947] cloud-init[763]: ci-info: | Device |  Up  |          Address          |      Mask     | Scope  |     Hw-Address    |
[   26.296347] cloud-init[763]: ci-info: +--------+------+---------------------------+---------------+--------+-------------------+
[   26.388822] cloud-init[763]: ci-info: | enp0s3 | True |         10.0.2.15         | 255.255.255.0 | global | 02:04:86:c9:98:46 |
[   26.484409] cloud-init[763]: ci-info: | enp0s3 | True | fe80::4:86ff:fec9:9846/64 |       .       |  link  | 02:04:86:c9:98:46 |
[   26.592347] cloud-init[763]: ci-info: |   lo   | True |         127.0.0.1         |   255.0.0.0   |  host  |         .         |
[   26.621916] cloud-init[763]: ci-info: |   lo   | True |          ::1/128          |       .       |  host  |         .         |
[   26.664398] cloud-init[763]: ci-info: +--------+------+---------------------------+---------------+--------+-------------------+
[   26.711808] cloud-init[763]: ci-info: ++++++++++++++++++++++++++++Route IPv4 info+++++++++++++++++++++++++++++
[   26.753154] cloud-init[763]: ci-info: +-------+-------------+----------+-----------------+-----------+-------+
[   27.008326] cloud-init[763]: ci-info: | Route | Destination | Gateway  |     Genmask     | Interface | Flags |
[   27.067676] cloud-init[763]: ci-info: +-------+-------------+----------+-----------------+-----------+-------+
[   27.141960] cloud-init[763]: ci-info: |   0   |   0.0.0.0   | 10.0.2.2 |     0.0.0.0     |   enp0s3  |   UG  |
[   27.205970] cloud-init[763]: ci-info: |   1   |   10.0.2.0  | 0.0.0.0  |  255.255.255.0  |   enp0s3  |   U   |
[   27.242841] cloud-init[763]: ci-info: |   2   |   10.0.2.2  | 0.0.0.0  | 255.255.255.255 |   enp0s3  |   UH  |
[[0;32m  OK  [0m] Started Initial cloud-init job (metadata service crawler).
[[0;32m  OK  [0m] Reached target Network is Online.
[   27.270629] cloud-init[763]: ci-info: +-------+-------------+----------+-----------------+-----------+-------+
         Starting Availability of block devices...
[   27.365146] cloud-init[763]: ci-info: +++++++++++++++++++Route IPv6 info+++++++++++++++++++
[[   27.416432] cloud-init[763]: ci-info: +-------+-------------+---------+-----------+-------+
[   27.416634] cloud-init[763]: ci-info: | Route | Destination | Gateway | Interface | Flags |
[0;32m  OK  [0m] Reached target Remote File Systems (Pre).
[[   27.416832] cloud-init[763]: ci-info: +-------+-------------+---------+-----------+-------+
[0;32m  OK  [0m] Reached target Remote File Systems.
[   27.480829] cloud-init[763]: ci-info: |   1   |  fe80::/64  |    ::   |   enp0s3  |   U   |
[[0;32m  OK  [0m] Reached target System Initialization.
[   27.541300] cloud-init[763]: ci-info: |   3   |    local    |    ::   |   enp0s3  |   U   |
         [   27.584183] Starting LXD - unix socket.cloud-init
[763]: ci-info: |   4   |   ff00::/8  |    ::   |   enp0s3  |   U   |
[[   27.625840] cloud-init[763]: ci-info: +-------+-------------+---------+-----------+-------+
[   27.625990] cloud-init[763]: Generating public/private rsa key pair.
[0;32m  OK  [0m] Listening on UUID daemon activation socket.
[   27.626193] cloud-init[763]: Your identification has been saved in /etc/ssh/ssh_host_rsa_key.
[[0;32m  OK  [0m[   27.748476] ] cloud-initStarted ACPI Events Check.[763]: 
Your public key has been saved in /etc/ssh/ssh_host_rsa_key.pub.
[[0;32m  OK  [0m[   27.789578] ] cloud-initListening on ACPID Listen Socket.[763]: 
The key fingerprint is:
[[   27.832357] cloud-init[763]: SHA256:EVbXe/10GEOiyOaxYpGNLrpyW3ZB6hlsOePev0pIQ70 root@ubuntu-bionic
[   27.832583] cloud-init[763]: The key's randomart image is:
[0;32m  OK  [0m] Started Discard unused blocks once a week.
[   27.832733] cloud-init[763]: +---[RSA 2048]----+
[[0;32m  OK  [0m[   27.872722] cloud-init[763]: |        o.. oo.  |
[   27.873170] cloud-init[763]: |     . * o o .+  |
[   27.873508] cloud-init[763]: |    . * B .    =.|
[   27.873860] cloud-init[763]: |   o = = +    o =|
[   27.874216] cloud-init[763]: |    % E S      oo|
[   27.874570] cloud-init[763]: |   * X o        .|
[   27.874941] cloud-init[763]: |  . B o          |
[   27.875298] cloud-init[763]: |. .= +           |
] Started Daily Cleanup of Temporary Directories.
[   27.875658] cloud-init[763]: | oo.. ooo.       |
[[0;32m  OK  [0m[   27.888985] ] cloud-initListening on Open-iSCSI iscsid Socket.[763]: 
+----[SHA256]-----+
[   27.940357] cloud-init[763]: Generating public/private dsa key pair.
[[0;32m  OK  [0m[   27.943898] cloud-init[763]: Your identification has been saved in /etc/ssh/ssh_host_dsa_key.
[   27.944356] cloud-init[763]: Your public key has been saved in /etc/ssh/ssh_host_dsa_key.pub.
[   27.944919] cloud-init[763]: The key fingerprint is:
[   27.945490] cloud-init[763]: SHA256:Mh9vAvGgrK+dvfoafqkc89EzpNXSocSXEF5uYYZmQLw root@ubuntu-bionic
[   27.946686] cloud-init[763]: The key's randomart image is:
[   27.947694] cloud-init[763]: +---[DSA 1024]----+
[   27.948483] cloud-init[763]: |     oo.oo=      |
[   27.949262] cloud-init[763]: |      .o+* o     |
[   27.950054] cloud-init[763]: |      o++ *      |
] Started Message of the Day.
[   27.950668] cloud-init[763]: |   . .E= * .     |
[[0;32m  OK  [0m[   28.020425] ] cloud-initStarted Daily apt download activities.[763]: 
|    o + S o      |
[   28.020644] cloud-init[763]: |   .   X +       |
[[0;32m  OK  [0m[   28.052377] ] cloud-initStarted Daily apt upgrade and clean activities.[763]: 
|  . + o.* o      |
[[   28.079418] cloud-init[763]: |   = Bo. =       |
[   28.079631] cloud-init[763]: |  ..X*=.         |
[0;32m  OK  [0m] Reached target Timers.
[   28.079781] cloud-init[763]: +----[SHA256]-----+
[[0;32m  OK  [0m[   28.183050] ] cloud-initListening on D-Bus System Message Bus Socket.[763]: 
Generating public/private ecdsa key pair.
[[0;32m  OK  [0m[   28.216177] cloud-init[763]: Your identification has been saved in /etc/ssh/ssh_host_ecdsa_key.
[   28.216607] cloud-init[763]: Your public key has been saved in /etc/ssh/ssh_host_ecdsa_key.pub.
[   28.216940] cloud-init[763]: The key fingerprint is:
[   28.217289] cloud-init[763]: SHA256:X90Or7ecluKqeECbkkUWN81u8yj3nf5uXsTPKpuCaYs root@ubuntu-bionic
[   28.217665] cloud-init[763]: The key's randomart image is:
[   28.217995] cloud-init[763]: +---[ECDSA 256]---+
[   28.218354] cloud-init[763]: |       ..oo      |
[   28.218711] cloud-init[763]: |       o. .o     |
[   28.219085] cloud-init[763]: |      o   .      |
[   28.219436] cloud-init[763]: |       o   + . o |
[   28.219788] cloud-init[763]: |      + S . = o +|
[   28.220330] cloud-init[763]: |     o + o + . *.|
[   28.220680] cloud-init[763]: |      . .o+ . . O|
[   28.221026] cloud-init[763]: |       .=.. .+.B=|
[   28.221388] cloud-init[763]: |      Eooo.o=+*X*|
[   28.221735] cloud-init[763]: +----[SHA256]-----+
[   28.222084] cloud-init[763]: Generating public/private ed25519 key pair.
[   28.222434] cloud-init[763]: Your identification has been saved in /etc/ssh/ssh_host_ed25519_key.
[   28.222786] cloud-init[763]: Your public key has been saved in /etc/ssh/ssh_host_ed25519_key.pub.
] Reached target Paths.
[   28.223172] cloud-init[763]: The key fingerprint is:
         [   28.404378] Starting Socket activation for snappy daemon.cloud-init
[763]: SHA256:9XS4RmK1hLryckUztVD8bmFTSh0RemnvKdvxVzSuwmM root@ubuntu-bionic
[[   28.441720] cloud-init[763]: The key's randomart image is:
[0;32m  OK  [0m] Reached target Cloud-config availability.
[   28.442428] cloud-init[763]: +--[ED25519 256]--+
[[0;32m  OK  [0m[   28.491375] cloud-init[763]: |           ++  =+|
[   28.491769] cloud-init[763]: |          ooooo +|
[   28.492463] cloud-init[763]: |         .+o==.* |
] Started Availability of block devices.
[   28.493060] cloud-init[763]: |        .o+=.oO.o|
[[   28.508670] cloud-init[763]: |        So o+o.+o|
[   28.508816] cloud-init[763]: |      . . ..  ooo|
[0;32m  OK  [0m] Listening on LXD - unix socket.
[   28.508926] cloud-init[763]: |       o ..  o.oo|
[   28.538558] cloud-init[763]: |      . o  E .+ +|
[   28.538686] cloud-init[763]: |       o  . o. .o|
[[0;32m  OK  [0m] Listening on Socket activation for snappy daemon.
[   28.538911] cloud-init[763]: +----[SHA256]-----+
[[0;32m  OK  [0m] Reached target Sockets.
[[0;32m  OK  [0m] Reached target Basic System.
         Starting LSB: automatic crash report generation...
[[0;32m  OK  [0m] Started irqbalance daemon.
[[0;32m  OK  [0m] Started D-Bus System Message Bus.
         Starting Dispatcher daemon for systemd-networkd...
         Starting Login Service...
[[0;32m  OK  [0m] Started Deferred execution scheduler.
         Starting Pollinate to seed the pseudo random number generator...
         Starting Accounts Service...
[[0;32m  OK  [0m] Started Regular background program processing daemon.
         Starting LXD - container startup/shutdown...
[[0;32m  OK  [0m] Started FUSE filesystem for LXC.
         Starting System Logging Service...
         Starting Snappy daemon...
         Starting Virtualbox guest utils...
         Starting LSB: Record successful boot for GRUB...
         Starting Permit User Sessions...
[[0;32m  OK  [0m] Started Dispatcher daemon for systemd-networkd.
[[0;32m  OK  [0m] Started System Logging Service.
[[0;32m  OK  [0m] Started Login Service.
[[0;32m  OK  [0m] Started LXD - container startup/shutdown.
[[0;32m  OK  [0m] Started Permit User Sessions.
[[0;32m  OK  [0m] Started LSB: automatic crash report generation.
[[0;32m  OK  [0m] Started Virtualbox guest utils.
         Starting Authorization Manager...
         Starting Hold until boot process finishes up...
         Starting Terminate Plymouth Boot Screen...
[[0;32m  OK  [0m] Started Unattended Upgrades Shutdown.
[[0;32m  OK  [0m] Started Snappy daemon.
[[0;32m  OK  [0m] Started LSB: Record successful boot for GRUB.
[[0;32m  OK  [0m] Started Hold until boot process finishes up.
[[0;32m  OK  [0m] Started Terminate Plymouth Boot Screen.
[[0;32m  OK  [0m] Started Authorization Manager.
[[0;32m  OK  [0m] Started Accounts Service.
         Starting Set console scheme...
[[0;32m  OK  [0m] Started Serial Getty on ttyS0.
         Starting Wait until snapd is fully seeded...
[[0;32m  OK  [0m] Started Set console scheme.
[[0;32m  OK  [0m] Created slice system-getty.slice.
[[0;32m  OK  [0m] Started Getty on tty1.
[[0;32m  OK  [0m] Reached target Login Prompts.
[[0;32m  OK  [0m] Started Pollinate to seed the pseudo random number generator.
         Starting OpenBSD Secure Shell server...
[[0;32m  OK  [0m] Started OpenBSD Secure Shell server.
[[0;32m  OK  [0m] Created slice User Slice of vagrant.
         Starting User Manager for UID 1000...
[[0;32m  OK  [0m] Started Session 1 of user vagrant.
[[0;32m  OK  [0m] Started User Manager for UID 1000.

Ubuntu 18.04.2 LTS ubuntu-bionic ttyS0

ubuntu-bionic login: [   42.023602] cloud-init[1749]: Cloud-init v. 18.5-45-g3554ffe8-0ubuntu1~18.04.1 running 'modules:config' at Mon, 13 May 2019 14:44:38 +0000. Up 41.56 seconds.
ci-info: no authorized ssh keys fingerprints found for user ubuntu.
<14>May 13 14:44:40 ec2: 
<14>May 13 14:44:40 ec2: #############################################################
<14>May 13 14:44:40 ec2: -----BEGIN SSH HOST KEY FINGERPRINTS-----
<14>May 13 14:44:40 ec2: 1024 SHA256:Mh9vAvGgrK+dvfoafqkc89EzpNXSocSXEF5uYYZmQLw root@ubuntu-bionic (DSA)
<14>May 13 14:44:40 ec2: 256 SHA256:X90Or7ecluKqeECbkkUWN81u8yj3nf5uXsTPKpuCaYs root@ubuntu-bionic (ECDSA)
<14>May 13 14:44:40 ec2: 256 SHA256:9XS4RmK1hLryckUztVD8bmFTSh0RemnvKdvxVzSuwmM root@ubuntu-bionic (ED25519)
<14>May 13 14:44:40 ec2: 2048 SHA256:EVbXe/10GEOiyOaxYpGNLrpyW3ZB6hlsOePev0pIQ70 root@ubuntu-bionic (RSA)
<14>May 13 14:44:40 ec2: -----END SSH HOST KEY FINGERPRINTS-----
<14>May 13 14:44:40 ec2: #############################################################
-----BEGIN SSH HOST KEY KEYS-----
ecdsa-sha2-nistp256 AAAAE2VjZHNhLXNoYTItbmlzdHAyNTYAAAAIbmlzdHAyNTYAAABBBFP1TvubB13YzJIfNTEPAHkMurJw6mx+dY8lyLoEsUdqoyWMHk70qi5tmHKx4aAv7zz86uupVwm+KFCzj/PpaYU= root@ubuntu-bionic
ssh-ed25519 AAAAC3NzaC1lZDI1NTE5AAAAIIkAoFLvoJsejK1JIu8OeeMZgXE57vo/FDmGZLIIilBx root@ubuntu-bionic
ssh-rsa AAAAB3NzaC1yc2EAAAADAQABAAABAQDDVbO1o3qBq793yW0BEMeFcZ8DUBk6ZYPM8+qPSZyW3HO3SvvY86LEBQx8A/L+qkMaPNEhIyCG4wOm/LB2u4U3GkoId3EVCUh1bf7WgJaC2OXfKXNopaN99Xw7Bezf/mTvdykO3CwZqomULqm0ydsfou1TaRxH14ROtKtrTyw0JiNsG4rgUxxHYWMSCC2vWgV7stqJdSQ1Xji6xZJrpeRsuNrEjmSK1lE0unbCSOjNF20ZwqIhUcJVQofZAFSX31Khr6uIUIARJRAEMhjK+QXlsoEPrjBJ4fHTz9Ebmp0bb3/ESVy94FwMc/6LPQNUTjUfq0jbOOa3QODOJOMP63f3 root@ubuntu-bionic
-----END SSH HOST KEY KEYS-----
[   42.822797] cloud-init[1786]: Cloud-init v. 18.5-45-g3554ffe8-0ubuntu1~18.04.1 running 'modules:final' at Mon, 13 May 2019 14:44:39 +0000. Up 42.58 seconds.
[   42.822966] cloud-init[1786]: ci-info: no authorized ssh keys fingerprints found for user ubuntu.
[   42.823061] cloud-init[1786]: Cloud-init v. 18.5-45-g3554ffe8-0ubuntu1~18.04.1 finished at Mon, 13 May 2019 14:44:40 +0000. Datasource DataSourceNoCloud [seed=/dev/sdb][dsmode=net].  Up 42.80 seconds
